<?xml version="1.0" encoding="UTF-8"?>
<testsuite xmlns:xsi="http://www.w3.org/2001/XMLSchema-instance" xsi:noNamespaceSchemaLocation="https://maven.apache.org/surefire/maven-surefire-plugin/xsd/surefire-test-report.xsd" version="3.0.2" name="com.example.bai2.ShoppingFlowTests" time="0.749" tests="6" errors="0" skipped="0" failures="0">
  <properties>
[...]
</properties>
  <testcase name="checkoutCreatesOrderAndOrderDetails" classname="com.example.bai2.ShoppingFlowTests" time="0.513">
    <system-out><![CDATA[2026-03-23T14:12:00.611+07:00 DEBUG 93319 --- [bai2] [           main] .b.t.c.SpringBootTestContextBootstrapper : Neither @ContextConfiguration nor @ContextHierarchy found for test class [ShoppingFlowTests]: using SpringBootContextLoader
2026-03-23T14:12:00.613+07:00  INFO 93319 --- [bai2] [           main] t.c.s.AnnotationConfigContextLoaderUtils : Could not detect default configuration classes for test class [com.example.bai2.ShoppingFlowTests]: ShoppingFlowTests does not declare any static, non-private, non-final, nested classes annotated with @Configuration.
2026-03-23T14:12:00.614+07:00 DEBUG 93319 --- [bai2] [           main] .b.t.c.SpringBootTestContextBootstrapper : Using ContextCustomizerFactory implementations for test class [ShoppingFlowTests]: [SpringBootTestRandomPortContextCustomizerFactory, ImportsContextCustomizerFactory, PropertyMappingContextCustomizerFactory, ExcludeFilterContextCustomizerFactory, TypeExcludeFiltersContextCustomizerFactory, DisableReactorResourceFactoryGlobalResourcesContextCustomizerFactory, DuplicateJsonObjectContextCustomizerFactory, OnFailureConditionReportContextCustomizerFactory, OverrideAutoConfigurationContextCustomizerFactory, BeanOverrideContextCustomizerFactory, MockServerContainerContextCustomizerFactory, DynamicPropertiesContextCustomizerFactory]
2026-03-23T14:12:00.615+07:00 DEBUG 93319 --- [bai2] [           main] .b.t.c.SpringBootTestContextBootstrapper : Using ContextCustomizers for test class [ShoppingFlowTests]: [SpringBootTestRandomPortContextCustomizer, PropertyMappingContextCustomizer, ExcludeFilterContextCustomizer, DuplicateJsonObjectContextCustomizer, OnFailureConditionReportContextCustomizer, DynamicPropertiesContextCustomizer]
2026-03-23T14:12:00.616+07:00  INFO 93319 --- [bai2] [           main] .b.t.c.SpringBootTestContextBootstrapper : Found @SpringBootConfiguration com.example.bai2.Bai2Application for test class com.example.bai2.ShoppingFlowTests
2026-03-23T14:12:00.618+07:00 DEBUG 93319 --- [bai2] [           main] .b.t.c.SpringBootTestContextBootstrapper : Using TestExecutionListeners for test class [ShoppingFlowTests]: [ServletTestExecutionListener, DirtiesContextBeforeModesTestExecutionListener, ApplicationEventsTestExecutionListener, BeanOverrideTestExecutionListener, DependencyInjectionTestExecutionListener, DirtiesContextTestExecutionListener, CommonCachesTestExecutionListener, TransactionalTestExecutionListener, SqlScriptsTestExecutionListener, EventPublishingTestExecutionListener, WithSecurityContextTestExecutionListener, ReactorContextTestExecutionListener, MockitoResetTestExecutionListener]
2026-03-23T14:12:00.649+07:00  INFO 93319 --- [bai2] [           main] o.s.b.t.m.w.SpringBootMockServletContext : Initializing Spring TestDispatcherServlet ''
2026-03-23T14:12:00.649+07:00  INFO 93319 --- [bai2] [           main] o.s.t.web.servlet.TestDispatcherServlet  : Initializing Servlet ''
2026-03-23T14:12:00.650+07:00  INFO 93319 --- [bai2] [           main] o.s.t.web.servlet.TestDispatcherServlet  : Completed initialization in 1 ms
2026-03-23T14:12:00.768+07:00 DEBUG 93319 --- [bai2] [           main] org.hibernate.SQL                        : 
    select
        p1_0.id,
        p1_0.active,
        p1_0.category_id,
        c1_0.id,
        c1_0.created_at,
        c1_0.description,
        c1_0.name,
        p1_0.created_at,
        p1_0.description,
        p1_0.name,
        p1_0.sku,
        p1_0.updated_at 
    from
        products p1_0 
    join
        categories c1_0 
            on c1_0.id=p1_0.category_id 
    where
        upper(p1_0.name) like upper(?) escape '\' 
    order by
        p1_0.created_at desc
2026-03-23T14:12:00.778+07:00 DEBUG 93319 --- [bai2] [           main] org.hibernate.SQL                        : 
    select
        p1_0.id,
        p1_0.active,
        p1_0.category_id,
        c1_0.id,
        c1_0.created_at,
        c1_0.description,
        c1_0.name,
        p1_0.created_at,
        p1_0.description,
        p1_0.name,
        p1_0.sku,
        p1_0.updated_at 
    from
        products p1_0 
    join
        categories c1_0 
            on c1_0.id=p1_0.category_id 
    where
        upper(p1_0.name) like upper(?) escape '\' 
    order by
        p1_0.created_at desc
2026-03-23T14:12:00.801+07:00 DEBUG 93319 --- [bai2] [           main] s.w.s.m.m.a.RequestMappingHandlerMapping : Mapped to com.example.bai2.controller.CartController#addToCart(Long, int, String, Long, String, Integer, HttpSession, RedirectAttributes)
2026-03-23T14:12:00.815+07:00 DEBUG 93319 --- [bai2] [           main] org.hibernate.SQL                        : 
    select
        p1_0.id,
        p1_0.active,
        p1_0.category_id,
        p1_0.created_at,
        p1_0.description,
        p1_0.name,
        p1_0.sku,
        p1_0.updated_at 
    from
        products p1_0 
    where
        p1_0.id=?
2026-03-23T14:12:00.839+07:00 DEBUG 93319 --- [bai2] [           main] org.hibernate.SQL                        : 
    select
        pe1_0.id,
        pe1_0.created_at,
        pe1_0.currency,
        pe1_0.effective_date,
        pe1_0.note,
        pe1_0.price,
        pe1_0.price_type,
        pe1_0.product_id 
    from
        price_entries pe1_0 
    where
        pe1_0.product_id in (?) 
        and pe1_0.effective_date<=? 
    order by
        pe1_0.product_id,
        pe1_0.effective_date desc,
        pe1_0.created_at desc
2026-03-23T14:12:00.848+07:00 DEBUG 93319 --- [bai2] [           main] o.s.web.servlet.view.RedirectView        : View name [redirect:], model {}
2026-03-23T14:12:00.853+07:00 DEBUG 93319 --- [bai2] [           main] s.w.s.m.m.a.RequestMappingHandlerMapping : Mapped to com.example.bai2.controller.CartController#addToCart(Long, int, String, Long, String, Integer, HttpSession, RedirectAttributes)
2026-03-23T14:12:00.853+07:00 DEBUG 93319 --- [bai2] [           main] org.hibernate.SQL                        : 
    select
        p1_0.id,
        p1_0.active,
        p1_0.category_id,
        p1_0.created_at,
        p1_0.description,
        p1_0.name,
        p1_0.sku,
        p1_0.updated_at 
    from
        products p1_0 
    where
        p1_0.id=?
2026-03-23T14:12:00.855+07:00 DEBUG 93319 --- [bai2] [           main] org.hibernate.SQL                        : 
    select
        pe1_0.id,
        pe1_0.created_at,
        pe1_0.currency,
        pe1_0.effective_date,
        pe1_0.note,
        pe1_0.price,
        pe1_0.price_type,
        pe1_0.product_id 
    from
        price_entries pe1_0 
    where
        pe1_0.product_id in (?) 
        and pe1_0.effective_date<=? 
    order by
        pe1_0.product_id,
        pe1_0.effective_date desc,
        pe1_0.created_at desc
2026-03-23T14:12:00.856+07:00 DEBUG 93319 --- [bai2] [           main] o.s.web.servlet.view.RedirectView        : View name [redirect:], model {}
2026-03-23T14:12:00.857+07:00 DEBUG 93319 --- [bai2] [           main] org.hibernate.SQL                        : 
    select
        count(*) 
    from
        orders o1_0
2026-03-23T14:12:00.859+07:00 DEBUG 93319 --- [bai2] [           main] s.w.s.m.m.a.RequestMappingHandlerMapping : Mapped to com.example.bai2.controller.CartController#checkout(HttpSession, Authentication, RedirectAttributes)
2026-03-23T14:12:00.860+07:00 DEBUG 93319 --- [bai2] [           main] org.hibernate.SQL                        : 
    select
        pe1_0.id,
        pe1_0.created_at,
        pe1_0.currency,
        pe1_0.effective_date,
        pe1_0.note,
        pe1_0.price,
        pe1_0.price_type,
        pe1_0.product_id 
    from
        price_entries pe1_0 
    where
        pe1_0.product_id in (?, ?) 
        and pe1_0.effective_date<=? 
    order by
        pe1_0.product_id,
        pe1_0.effective_date desc,
        pe1_0.created_at desc
2026-03-23T14:12:00.862+07:00 DEBUG 93319 --- [bai2] [           main] org.hibernate.SQL                        : 
    select
        p1_0.id,
        p1_0.active,
        p1_0.category_id,
        p1_0.created_at,
        p1_0.description,
        p1_0.name,
        p1_0.sku,
        p1_0.updated_at 
    from
        products p1_0 
    where
        p1_0.id=?
2026-03-23T14:12:00.864+07:00 DEBUG 93319 --- [bai2] [           main] org.hibernate.SQL                        : 
    select
        p1_0.id,
        p1_0.active,
        p1_0.category_id,
        p1_0.created_at,
        p1_0.description,
        p1_0.name,
        p1_0.sku,
        p1_0.updated_at 
    from
        products p1_0 
    where
        p1_0.id=?
2026-03-23T14:12:00.869+07:00 DEBUG 93319 --- [bai2] [           main] org.hibernate.SQL                        : 
    insert 
    into
        orders
        (account_username, order_date, paid, total_amount, id) 
    values
        (?, ?, ?, ?, default)
2026-03-23T14:12:00.871+07:00 DEBUG 93319 --- [bai2] [           main] org.hibernate.SQL                        : 
    insert 
    into
        order_details
        (order_id, price, product_id, quantity, id) 
    values
        (?, ?, ?, ?, default)
2026-03-23T14:12:00.872+07:00 DEBUG 93319 --- [bai2] [           main] org.hibernate.SQL                        : 
    insert 
    into
        order_details
        (order_id, price, product_id, quantity, id) 
    values
        (?, ?, ?, ?, default)
2026-03-23T14:12:00.877+07:00 DEBUG 93319 --- [bai2] [           main] o.s.web.servlet.view.RedirectView        : View name [redirect:], model {}
2026-03-23T14:12:00.879+07:00 DEBUG 93319 --- [bai2] [           main] org.hibernate.SQL                        : 
    select
        count(*) 
    from
        orders o1_0
2026-03-23T14:12:00.888+07:00 DEBUG 93319 --- [bai2] [           main] org.hibernate.SQL                        : 
    select
        o1_0.id,
        o1_0.account_username,
        o1_0.order_date,
        od1_0.order_id,
        od1_0.id,
        od1_0.price,
        od1_0.product_id,
        p1_0.id,
        p1_0.active,
        p1_0.category_id,
        p1_0.created_at,
        p1_0.description,
        p1_0.name,
        p1_0.sku,
        p1_0.updated_at,
        od1_0.quantity,
        o1_0.paid,
        o1_0.total_amount 
    from
        orders o1_0 
    left join
        order_details od1_0 
            on o1_0.id=od1_0.order_id 
    left join
        products p1_0 
            on p1_0.id=od1_0.product_id 
    where
        o1_0.id=?
2026-03-23T14:12:00.894+07:00 DEBUG 93319 --- [bai2] [           main] s.w.s.m.m.a.RequestMappingHandlerMapping : Mapped to com.example.bai2.controller.CartController#checkoutSuccess(Long, Model, HttpSession, RedirectAttributes)
2026-03-23T14:12:00.896+07:00 DEBUG 93319 --- [bai2] [           main] org.hibernate.SQL                        : 
    select
        o1_0.id,
        o1_0.account_username,
        o1_0.order_date,
        od1_0.order_id,
        od1_0.id,
        od1_0.price,
        od1_0.product_id,
        p1_0.id,
        p1_0.active,
        p1_0.category_id,
        p1_0.created_at,
        p1_0.description,
        p1_0.name,
        p1_0.sku,
        p1_0.updated_at,
        od1_0.quantity,
        o1_0.paid,
        o1_0.total_amount 
    from
        orders o1_0 
    left join
        order_details od1_0 
            on o1_0.id=od1_0.order_id 
    left join
        products p1_0 
            on p1_0.id=od1_0.product_id 
    where
        o1_0.id=?
2026-03-23T14:12:00.902+07:00 DEBUG 93319 --- [bai2] [           main] o.s.w.s.v.ContentNegotiatingViewResolver : Selected '*/*' given [*/*]
]]></system-out>
  </testcase>
  <testcase name="filterByCategoryReturnsMatchingProducts" classname="com.example.bai2.ShoppingFlowTests" time="0.061">
    <system-out><![CDATA[2026-03-23T14:12:01.138+07:00  INFO 93319 --- [bai2] [           main] o.s.b.t.m.w.SpringBootMockServletContext : Initializing Spring TestDispatcherServlet ''
2026-03-23T14:12:01.138+07:00  INFO 93319 --- [bai2] [           main] o.s.t.web.servlet.TestDispatcherServlet  : Initializing Servlet ''
2026-03-23T14:12:01.138+07:00  INFO 93319 --- [bai2] [           main] o.s.t.web.servlet.TestDispatcherServlet  : Completed initialization in 0 ms
2026-03-23T14:12:01.140+07:00 DEBUG 93319 --- [bai2] [           main] org.hibernate.SQL                        : 
    select
        c1_0.id,
        c1_0.created_at,
        c1_0.description,
        c1_0.name 
    from
        categories c1_0 
    order by
        c1_0.name
2026-03-23T14:12:01.143+07:00 DEBUG 93319 --- [bai2] [           main] s.w.s.m.m.a.RequestMappingHandlerMapping : Mapped to com.example.bai2.controller.ProductController#listProducts(String, Long, String, int, Model, HttpSession)
2026-03-23T14:12:01.147+07:00 DEBUG 93319 --- [bai2] [           main] org.hibernate.SQL                        : 
    select
        p1_0.id,
        p1_0.active,
        p1_0.category_id,
        c1_0.id,
        c1_0.created_at,
        c1_0.description,
        c1_0.name,
        p1_0.created_at,
        p1_0.description,
        p1_0.name,
        p1_0.sku,
        p1_0.updated_at 
    from
        products p1_0 
    join
        categories c1_0 
            on c1_0.id=p1_0.category_id 
    where
        p1_0.category_id=? 
    order by
        p1_0.created_at desc
2026-03-23T14:12:01.150+07:00 DEBUG 93319 --- [bai2] [           main] org.hibernate.SQL                        : 
    select
        pe1_0.id,
        pe1_0.created_at,
        pe1_0.currency,
        pe1_0.effective_date,
        pe1_0.note,
        pe1_0.price,
        pe1_0.price_type,
        pe1_0.product_id 
    from
        price_entries pe1_0 
    where
        pe1_0.product_id in (?, ?, ?, ?) 
        and pe1_0.effective_date<=? 
    order by
        pe1_0.product_id,
        pe1_0.effective_date desc,
        pe1_0.created_at desc
2026-03-23T14:12:01.153+07:00 DEBUG 93319 --- [bai2] [           main] org.hibernate.SQL                        : 
    select
        c1_0.id,
        c1_0.created_at,
        c1_0.description,
        c1_0.name 
    from
        categories c1_0 
    order by
        c1_0.name
2026-03-23T14:12:01.155+07:00 DEBUG 93319 --- [bai2] [           main] o.s.w.s.v.ContentNegotiatingViewResolver : Selected '*/*' given [*/*]
]]></system-out>
  </testcase>
  <testcase name="searchByKeywordReturnsMatchingProducts" classname="com.example.bai2.ShoppingFlowTests" time="0.024">
    <system-out><![CDATA[2026-03-23T14:12:01.203+07:00  INFO 93319 --- [bai2] [           main] o.s.b.t.m.w.SpringBootMockServletContext : Initializing Spring TestDispatcherServlet ''
2026-03-23T14:12:01.203+07:00  INFO 93319 --- [bai2] [           main] o.s.t.web.servlet.TestDispatcherServlet  : Initializing Servlet ''
2026-03-23T14:12:01.207+07:00  INFO 93319 --- [bai2] [           main] o.s.t.web.servlet.TestDispatcherServlet  : Completed initialization in 3 ms
2026-03-23T14:12:01.210+07:00 DEBUG 93319 --- [bai2] [           main] s.w.s.m.m.a.RequestMappingHandlerMapping : Mapped to com.example.bai2.controller.ProductController#listProducts(String, Long, String, int, Model, HttpSession)
2026-03-23T14:12:01.211+07:00 DEBUG 93319 --- [bai2] [           main] org.hibernate.SQL                        : 
    select
        p1_0.id,
        p1_0.active,
        p1_0.category_id,
        c1_0.id,
        c1_0.created_at,
        c1_0.description,
        c1_0.name,
        p1_0.created_at,
        p1_0.description,
        p1_0.name,
        p1_0.sku,
        p1_0.updated_at 
    from
        products p1_0 
    join
        categories c1_0 
            on c1_0.id=p1_0.category_id 
    where
        upper(p1_0.name) like upper(?) escape '\' 
    order by
        p1_0.created_at desc
2026-03-23T14:12:01.215+07:00 DEBUG 93319 --- [bai2] [           main] org.hibernate.SQL                        : 
    select
        pe1_0.id,
        pe1_0.created_at,
        pe1_0.currency,
        pe1_0.effective_date,
        pe1_0.note,
        pe1_0.price,
        pe1_0.price_type,
        pe1_0.product_id 
    from
        price_entries pe1_0 
    where
        pe1_0.product_id in (?) 
        and pe1_0.effective_date<=? 
    order by
        pe1_0.product_id,
        pe1_0.effective_date desc,
        pe1_0.created_at desc
2026-03-23T14:12:01.217+07:00 DEBUG 93319 --- [bai2] [           main] org.hibernate.SQL                        : 
    select
        c1_0.id,
        c1_0.created_at,
        c1_0.description,
        c1_0.name 
    from
        categories c1_0 
    order by
        c1_0.name
2026-03-23T14:12:01.218+07:00 DEBUG 93319 --- [bai2] [           main] o.s.w.s.v.ContentNegotiatingViewResolver : Selected '*/*' given [*/*]
]]></system-out>
  </testcase>
  <testcase name="sortByPriceAscAndDescWorks" classname="com.example.bai2.ShoppingFlowTests" time="0.042">
    <system-out><![CDATA[2026-03-23T14:12:01.228+07:00  INFO 93319 --- [bai2] [           main] o.s.b.t.m.w.SpringBootMockServletContext : Initializing Spring TestDispatcherServlet ''
2026-03-23T14:12:01.228+07:00  INFO 93319 --- [bai2] [           main] o.s.t.web.servlet.TestDispatcherServlet  : Initializing Servlet ''
2026-03-23T14:12:01.228+07:00  INFO 93319 --- [bai2] [           main] o.s.t.web.servlet.TestDispatcherServlet  : Completed initialization in 0 ms
2026-03-23T14:12:01.229+07:00 DEBUG 93319 --- [bai2] [           main] s.w.s.m.m.a.RequestMappingHandlerMapping : Mapped to com.example.bai2.controller.ProductController#listProducts(String, Long, String, int, Model, HttpSession)
2026-03-23T14:12:01.231+07:00 DEBUG 93319 --- [bai2] [           main] org.hibernate.SQL                        : 
    select
        p1_0.id,
        p1_0.active,
        p1_0.category_id,
        c1_0.id,
        c1_0.created_at,
        c1_0.description,
        c1_0.name,
        p1_0.created_at,
        p1_0.description,
        p1_0.name,
        p1_0.sku,
        p1_0.updated_at 
    from
        products p1_0 
    join
        categories c1_0 
            on c1_0.id=p1_0.category_id 
    order by
        p1_0.created_at desc
2026-03-23T14:12:01.234+07:00 DEBUG 93319 --- [bai2] [           main] org.hibernate.SQL                        : 
    select
        pe1_0.id,
        pe1_0.created_at,
        pe1_0.currency,
        pe1_0.effective_date,
        pe1_0.note,
        pe1_0.price,
        pe1_0.price_type,
        pe1_0.product_id 
    from
        price_entries pe1_0 
    where
        pe1_0.product_id in (?, ?, ?, ?, ?, ?, ?, ?, ?) 
        and pe1_0.effective_date<=? 
    order by
        pe1_0.product_id,
        pe1_0.effective_date desc,
        pe1_0.created_at desc
2026-03-23T14:12:01.237+07:00 DEBUG 93319 --- [bai2] [           main] org.hibernate.SQL                        : 
    select
        c1_0.id,
        c1_0.created_at,
        c1_0.description,
        c1_0.name 
    from
        categories c1_0 
    order by
        c1_0.name
2026-03-23T14:12:01.238+07:00 DEBUG 93319 --- [bai2] [           main] o.s.w.s.v.ContentNegotiatingViewResolver : Selected '*/*' given [*/*]
2026-03-23T14:12:01.251+07:00 DEBUG 93319 --- [bai2] [           main] s.w.s.m.m.a.RequestMappingHandlerMapping : Mapped to com.example.bai2.controller.ProductController#listProducts(String, Long, String, int, Model, HttpSession)
2026-03-23T14:12:01.253+07:00 DEBUG 93319 --- [bai2] [           main] org.hibernate.SQL                        : 
    select
        p1_0.id,
        p1_0.active,
        p1_0.category_id,
        c1_0.id,
        c1_0.created_at,
        c1_0.description,
        c1_0.name,
        p1_0.created_at,
        p1_0.description,
        p1_0.name,
        p1_0.sku,
        p1_0.updated_at 
    from
        products p1_0 
    join
        categories c1_0 
            on c1_0.id=p1_0.category_id 
    order by
        p1_0.created_at desc
2026-03-23T14:12:01.255+07:00 DEBUG 93319 --- [bai2] [           main] org.hibernate.SQL                        : 
    select
        pe1_0.id,
        pe1_0.created_at,
        pe1_0.currency,
        pe1_0.effective_date,
        pe1_0.note,
        pe1_0.price,
        pe1_0.price_type,
        pe1_0.product_id 
    from
        price_entries pe1_0 
    where
        pe1_0.product_id in (?, ?, ?, ?, ?, ?, ?, ?, ?) 
        and pe1_0.effective_date<=? 
    order by
        pe1_0.product_id,
        pe1_0.effective_date desc,
        pe1_0.created_at desc
2026-03-23T14:12:01.257+07:00 DEBUG 93319 --- [bai2] [           main] org.hibernate.SQL                        : 
    select
        c1_0.id,
        c1_0.created_at,
        c1_0.description,
        c1_0.name 
    from
        categories c1_0 
    order by
        c1_0.name
2026-03-23T14:12:01.258+07:00 DEBUG 93319 --- [bai2] [           main] o.s.w.s.v.ContentNegotiatingViewResolver : Selected '*/*' given [*/*]
]]></system-out>
  </testcase>
  <testcase name="paginationShowsFiveItemsPerPage" classname="com.example.bai2.ShoppingFlowTests" time="0.064">
    <system-out><![CDATA[2026-03-23T14:12:01.271+07:00  INFO 93319 --- [bai2] [           main] o.s.b.t.m.w.SpringBootMockServletContext : Initializing Spring TestDispatcherServlet ''
2026-03-23T14:12:01.271+07:00  INFO 93319 --- [bai2] [           main] o.s.t.web.servlet.TestDispatcherServlet  : Initializing Servlet ''
2026-03-23T14:12:01.272+07:00  INFO 93319 --- [bai2] [           main] o.s.t.web.servlet.TestDispatcherServlet  : Completed initialization in 1 ms
2026-03-23T14:12:01.273+07:00 DEBUG 93319 --- [bai2] [           main] s.w.s.m.m.a.RequestMappingHandlerMapping : Mapped to com.example.bai2.controller.ProductController#listProducts(String, Long, String, int, Model, HttpSession)
2026-03-23T14:12:01.274+07:00 DEBUG 93319 --- [bai2] [           main] org.hibernate.SQL                        : 
    select
        p1_0.id,
        p1_0.active,
        p1_0.category_id,
        c1_0.id,
        c1_0.created_at,
        c1_0.description,
        c1_0.name,
        p1_0.created_at,
        p1_0.description,
        p1_0.name,
        p1_0.sku,
        p1_0.updated_at 
    from
        products p1_0 
    join
        categories c1_0 
            on c1_0.id=p1_0.category_id 
    order by
        p1_0.created_at desc
2026-03-23T14:12:01.279+07:00 DEBUG 93319 --- [bai2] [           main] org.hibernate.SQL                        : 
    select
        pe1_0.id,
        pe1_0.created_at,
        pe1_0.currency,
        pe1_0.effective_date,
        pe1_0.note,
        pe1_0.price,
        pe1_0.price_type,
        pe1_0.product_id 
    from
        price_entries pe1_0 
    where
        pe1_0.product_id in (?, ?, ?, ?, ?, ?, ?, ?, ?) 
        and pe1_0.effective_date<=? 
    order by
        pe1_0.product_id,
        pe1_0.effective_date desc,
        pe1_0.created_at desc
2026-03-23T14:12:01.282+07:00 DEBUG 93319 --- [bai2] [           main] org.hibernate.SQL                        : 
    select
        c1_0.id,
        c1_0.created_at,
        c1_0.description,
        c1_0.name 
    from
        categories c1_0 
    order by
        c1_0.name
2026-03-23T14:12:01.283+07:00 DEBUG 93319 --- [bai2] [           main] o.s.w.s.v.ContentNegotiatingViewResolver : Selected '*/*' given [*/*]
2026-03-23T14:12:01.292+07:00 DEBUG 93319 --- [bai2] [           main] s.w.s.m.m.a.RequestMappingHandlerMapping : Mapped to com.example.bai2.controller.ProductController#listProducts(String, Long, String, int, Model, HttpSession)
2026-03-23T14:12:01.294+07:00 DEBUG 93319 --- [bai2] [           main] org.hibernate.SQL                        : 
    select
        p1_0.id,
        p1_0.active,
        p1_0.category_id,
        c1_0.id,
        c1_0.created_at,
        c1_0.description,
        c1_0.name,
        p1_0.created_at,
        p1_0.description,
        p1_0.name,
        p1_0.sku,
        p1_0.updated_at 
    from
        products p1_0 
    join
        categories c1_0 
            on c1_0.id=p1_0.category_id 
    order by
        p1_0.created_at desc
2026-03-23T14:12:01.297+07:00 DEBUG 93319 --- [bai2] [           main] org.hibernate.SQL                        : 
    select
        pe1_0.id,
        pe1_0.created_at,
        pe1_0.currency,
        pe1_0.effective_date,
        pe1_0.note,
        pe1_0.price,
        pe1_0.price_type,
        pe1_0.product_id 
    from
        price_entries pe1_0 
    where
        pe1_0.product_id in (?, ?, ?, ?, ?, ?, ?, ?, ?) 
        and pe1_0.effective_date<=? 
    order by
        pe1_0.product_id,
        pe1_0.effective_date desc,
        pe1_0.created_at desc
2026-03-23T14:12:01.298+07:00 DEBUG 93319 --- [bai2] [           main] org.hibernate.SQL                        : 
    select
        c1_0.id,
        c1_0.created_at,
        c1_0.description,
        c1_0.name 
    from
        categories c1_0 
    order by
        c1_0.name
2026-03-23T14:12:01.299+07:00 DEBUG 93319 --- [bai2] [           main] o.s.w.s.v.ContentNegotiatingViewResolver : Selected '*/*' given [*/*]
]]></system-out>
  </testcase>
  <testcase name="addToCartStoresQuantityInSession" classname="com.example.bai2.ShoppingFlowTests" time="0.025">
    <system-out><![CDATA[2026-03-23T14:12:01.335+07:00  INFO 93319 --- [bai2] [           main] o.s.b.t.m.w.SpringBootMockServletContext : Initializing Spring TestDispatcherServlet ''
2026-03-23T14:12:01.335+07:00  INFO 93319 --- [bai2] [           main] o.s.t.web.servlet.TestDispatcherServlet  : Initializing Servlet ''
2026-03-23T14:12:01.336+07:00  INFO 93319 --- [bai2] [           main] o.s.t.web.servlet.TestDispatcherServlet  : Completed initialization in 1 ms
2026-03-23T14:12:01.337+07:00 DEBUG 93319 --- [bai2] [           main] org.hibernate.SQL                        : 
    select
        p1_0.id,
        p1_0.active,
        p1_0.category_id,
        c1_0.id,
        c1_0.created_at,
        c1_0.description,
        c1_0.name,
        p1_0.created_at,
        p1_0.description,
        p1_0.name,
        p1_0.sku,
        p1_0.updated_at 
    from
        products p1_0 
    join
        categories c1_0 
            on c1_0.id=p1_0.category_id 
    where
        upper(p1_0.name) like upper(?) escape '\' 
    order by
        p1_0.created_at desc
2026-03-23T14:12:01.339+07:00 DEBUG 93319 --- [bai2] [           main] s.w.s.m.m.a.RequestMappingHandlerMapping : Mapped to com.example.bai2.controller.CartController#addToCart(Long, int, String, Long, String, Integer, HttpSession, RedirectAttributes)
2026-03-23T14:12:01.339+07:00 DEBUG 93319 --- [bai2] [           main] org.hibernate.SQL                        : 
    select
        p1_0.id,
        p1_0.active,
        p1_0.category_id,
        p1_0.created_at,
        p1_0.description,
        p1_0.name,
        p1_0.sku,
        p1_0.updated_at 
    from
        products p1_0 
    where
        p1_0.id=?
2026-03-23T14:12:01.343+07:00 DEBUG 93319 --- [bai2] [           main] org.hibernate.SQL                        : 
    select
        pe1_0.id,
        pe1_0.created_at,
        pe1_0.currency,
        pe1_0.effective_date,
        pe1_0.note,
        pe1_0.price,
        pe1_0.price_type,
        pe1_0.product_id 
    from
        price_entries pe1_0 
    where
        pe1_0.product_id in (?) 
        and pe1_0.effective_date<=? 
    order by
        pe1_0.product_id,
        pe1_0.effective_date desc,
        pe1_0.created_at desc
2026-03-23T14:12:01.344+07:00 DEBUG 93319 --- [bai2] [           main] o.s.web.servlet.view.RedirectView        : View name [redirect:], model {}
2026-03-23T14:12:01.344+07:00 DEBUG 93319 --- [bai2] [           main] s.w.s.m.m.a.RequestMappingHandlerMapping : Mapped to com.example.bai2.controller.CartController#viewCart(Model, HttpSession)
2026-03-23T14:12:01.346+07:00 DEBUG 93319 --- [bai2] [           main] org.hibernate.SQL                        : 
    select
        pe1_0.id,
        pe1_0.created_at,
        pe1_0.currency,
        pe1_0.effective_date,
        pe1_0.note,
        pe1_0.price,
        pe1_0.price_type,
        pe1_0.product_id 
    from
        price_entries pe1_0 
    where
        pe1_0.product_id in (?) 
        and pe1_0.effective_date<=? 
    order by
        pe1_0.product_id,
        pe1_0.effective_date desc,
        pe1_0.created_at desc
2026-03-23T14:12:01.347+07:00 DEBUG 93319 --- [bai2] [           main] org.hibernate.SQL                        : 
    select
        p1_0.id,
        p1_0.active,
        p1_0.category_id,
        p1_0.created_at,
        p1_0.description,
        p1_0.name,
        p1_0.sku,
        p1_0.updated_at 
    from
        products p1_0 
    where
        p1_0.id=?
2026-03-23T14:12:01.350+07:00 DEBUG 93319 --- [bai2] [           main] o.s.w.s.v.ContentNegotiatingViewResolver : Selected '*/*' given [*/*]
]]></system-out>
  </testcase>
</testsuite>